<?xml version="1.0" encoding="UTF-8"?>
<Site BuildName="Linux-g++"
	BuildStamp="20260120-1945-Experimental"
	Name="HawksPc"
	Generator="ctest-3.22.1"
	CompilerName="/usr/bin/g++"
	CompilerVersion=""
	OSName="Linux"
	Hostname="HawksPc"
	OSRelease="6.6.87.2-microsoft-standard-WSL2"
	OSVersion="#1 SMP PREEMPT_DYNAMIC Thu Jun  5 18:30:46 UTC 2025"
	OSPlatform="x86_64"
	Is64Bits="1"
	VendorString="GenuineIntel"
	VendorID="Intel Corporation"
	FamilyID="6"
	ModelID="140"
	ProcessorCacheSize="12288"
	NumberOfLogicalCPU="8"
	NumberOfPhysicalCPU="4"
	TotalVirtualMemory="2048"
	TotalPhysicalMemory="7824"
	LogicalProcessorsPerPhysical="2"
	ProcessorClockFrequency="2803.2"
	>
	<Testing>
		<StartDateTime>Jan 20 13:45 CST</StartDateTime>
		<StartTestTime>1768938349</StartTestTime>
		<TestList>
			<Test>./post_test_coverage</Test>
		</TestList>
		<Test Status="passed">
			<Name>post_test_coverage</Name>
			<Path>.</Path>
			<FullName>./post_test_coverage</FullName>
			<FullCommandLine>/usr/bin/make "coverage"</FullCommandLine>
			<Results>
				<NamedMeasurement type="numeric/double" name="Execution Time">
					<Value>0.805733</Value>
				</NamedMeasurement>
				<NamedMeasurement type="numeric/double" name="Processors">
					<Value>1</Value>
				</NamedMeasurement>
				<NamedMeasurement type="text/string" name="Completion Status">
					<Value>Completed</Value>
				</NamedMeasurement>
				<NamedMeasurement type="text/string" name="Command Line">
					<Value>/usr/bin/make "coverage"</Value>
				</NamedMeasurement>
				<NamedMeasurement type="text/string" name="Environment">
					<Value>#CTEST_RESOURCE_GROUP_COUNT=</Value>
				</NamedMeasurement>
				<Measurement>
					<Value encoding="base64" compression="gzip">eJyVlD1v4zAMhnf/Ci63ynbSj2vXAL3lhgPSokNRCIpE27rGoiHRTfvvSzldfIe0ziZRLx/S1Cs/1VX14xl+YcBo2IcWIg4UGXyAx+1vpRT4NlDMJ4yJAd88gyWHCZgAQxojwt7SK8QxJFVszMDjJJeYMFsEZ9hAE6mHsqMey84cXspdND40G+oHv8dYbMddpFEaQGnAOO0DY+zRecOoGd9Ywg4bOXdgGMoxxXLnQ9liEAzBPmeurlZr9TXqb6KwDHV5OUP915Bm0pN+Ce26Wp+m5Z7Oo92sZrQWWctyGFk3bhHh5/WcMMiNsW7lyvTBRFG2aRHnpqr+4ZDFlGYzXwZaC+iOxuAgdwFineQp3EJdqwtVFQ8pW2qGnXQNxd5wsbUm5K5POywrQbXWiRVln0Cs/Vmwvvq06BQX45+26Z/j9+VKCftNh/YFo3I+linaMttNtnYq841WQiawt2mZ3Oa9PjNpGtfwtVamcN/lO5K3TQ2wrKd3fvQTHEw2Qi9P2YGkWrFu/gdYRJeO4k5SO9q7nF1XqwvYvQtAFR++XpDx====</Value>
				</Measurement>
			</Results>
		</Test>
		<EndDateTime>Jan 20 13:45 CST</EndDateTime>
		<EndTestTime>1768938350</EndTestTime>
		<ElapsedMinutes>0</ElapsedMinutes>
	</Testing>
</Site>
