TN:
SF:/home/hawk/brainfCompiler/src/check_semantics.c
FN:12,main
FNDA:198,main
FNF:1
FNH:1
DA:12,198
DA:13,198
DA:14,0
DA:15,264
DA:16,198
DA:17,0
DA:19,198
DA:22,66
LF:8
LH:6
end_of_record
TN:
SF:/home/hawk/brainfCompiler/src/exp.c
FN:21,free_exp_contents
FN:86,free_exp
FN:91,print_exp
FN:149,init_exp
FN:161,init_binary
FN:174,init_exp_unary
FN:185,init_exp_array_ref
FN:198,init_exp_array_lit
FN:217,set_exp_arraylit_len
FN:231,init_exp_call
FN:244,swap_exps
FN:250,exps_match
FN:293,exps_are_compatable
FNDA:1562,swap_exps
FNDA:5094,free_exp
FNDA:5702,free_exp_contents
FNDA:0,exps_match
FNDA:1287,init_binary
FNDA:232,init_exp_array_lit
FNDA:232,set_exp_arraylit_len
FNDA:3810,print_exp
FNDA:132,init_exp_unary
FNDA:4929,init_exp
FNDA:55,init_exp_call
FNDA:319,exps_are_compatable
FNDA:220,init_exp_array_ref
FNF:13
FNH:12
DA:21,5702
DA:22,5702
DA:23,165
DA:24,5537
DA:25,1125
DA:27,1125
DA:28,2486
DA:29,2486
DA:30,0
DA:31,2486
DA:32,2486
DA:33,2486
DA:34,220
DA:35,220
DA:36,0
DA:37,220
DA:38,220
DA:39,220
DA:40,220
DA:41,220
DA:42,220
DA:43,220
DA:44,232
DA:45,232
DA:46,0
DA:47,232
DA:48,0
DA:49,840
DA:50,608
DA:51,232
DA:52,232
DA:53,232
DA:54,232
DA:55,232
DA:56,1287
DA:58,1287
DA:59,0
DA:60,1287
DA:61,1287
DA:62,1287
DA:63,1287
DA:64,1287
DA:65,1287
DA:66,1287
DA:67,132
DA:68,132
DA:69,0
DA:70,132
DA:71,132
DA:72,132
DA:73,132
DA:74,132
DA:75,55
DA:76,55
DA:77,0
DA:78,55
DA:79,55
DA:80,55
DA:81,55
DA:82,55
DA:86,5094
DA:87,5094
DA:88,5094
DA:89,5094
DA:91,3810
DA:92,3810
DA:93,44
DA:94,44
DA:96,3766
DA:97,0
DA:98,0
DA:99,0
DA:100,1859
DA:101,1859
DA:102,1859
DA:103,509
DA:104,509
DA:105,509
DA:106,1045
DA:108,1045
DA:109,1045
DA:110,1045
DA:111,1045
DA:112,1045
DA:113,1045
DA:114,88
DA:115,88
DA:116,88
DA:117,66
DA:118,66
DA:119,66
DA:121,22
DA:122,22
DA:124,88
DA:125,44
DA:126,44
DA:127,44
DA:128,44
DA:129,44
DA:130,99
DA:131,99
DA:132,99
DA:133,99
DA:134,99
DA:135,99
DA:136,99
DA:137,122
DA:138,122
DA:139,411
DA:140,289
DA:141,289
DA:142,167
DA:144,122
DA:149,4929
DA:150,4929
DA:152,4929
DA:153,0
DA:155,4929
DA:156,4929
DA:157,4929
DA:158,4929
DA:161,1287
DA:162,1287
DA:163,1287
DA:164,1287
DA:165,1287
DA:167,1287
DA:168,0
DA:169,0
DA:171,1287
DA:172,1287
DA:174,132
DA:175,132
DA:176,132
DA:177,132
DA:178,132
DA:180,132
DA:181,0
DA:182,132
DA:183,132
DA:185,220
DA:186,220
DA:187,220
DA:188,220
DA:189,220
DA:191,220
DA:192,0
DA:193,0
DA:195,220
DA:196,220
DA:198,232
DA:199,232
DA:200,232
DA:201,232
DA:202,232
DA:204,232
DA:205,0
DA:207,232
DA:208,232
DA:210,232
DA:211,0
DA:212,0
DA:213,0
DA:215,232
DA:217,232
DA:218,232
DA:219,56
DA:222,176
DA:223,176
DA:224,0
DA:227,176
DA:228,176
DA:231,55
DA:232,55
DA:233,55
DA:234,55
DA:235,55
DA:237,55
DA:238,0
DA:239,55
DA:240,55
DA:244,1562
DA:245,1562
DA:246,1562
DA:247,1562
DA:248,1562
DA:250,0
DA:251,0
DA:252,0
DA:253,0
DA:254,0
DA:255,0
DA:256,0
DA:258,0
DA:259,0
DA:260,0
DA:261,0
DA:262,0
DA:263,0
DA:264,0
DA:265,0
DA:266,0
DA:267,0
DA:268,0
DA:270,0
DA:271,0
DA:272,0
DA:273,0
DA:274,0
DA:275,0
DA:276,0
DA:277,0
DA:278,0
DA:279,0
DA:280,0
DA:281,0
DA:282,0
DA:283,0
DA:284,0
DA:285,0
DA:286,0
DA:287,0
DA:288,0
DA:289,0
DA:293,319
DA:294,319
DA:295,0
DA:297,319
DA:298,0
DA:300,319
DA:301,99
DA:302,220
DA:303,220
DA:305,0
LF:234
LH:171
end_of_record
TN:
SF:/home/hawk/brainfCompiler/src/interp.c
FN:17,interp
FNDA:0,interp
FNF:1
FNH:0
DA:17,0
DA:18,0
DA:19,0
DA:20,0
DA:21,0
DA:24,0
DA:25,0
DA:26,0
DA:27,0
DA:28,0
DA:29,0
DA:30,0
DA:31,0
DA:32,0
DA:33,0
DA:36,0
DA:37,0
DA:40,0
DA:43,0
DA:44,0
DA:45,0
DA:46,0
DA:47,0
DA:48,0
DA:49,0
DA:50,0
DA:51,0
DA:52,0
DA:58,0
DA:59,0
DA:60,0
DA:61,0
DA:62,0
DA:63,0
DA:64,0
DA:65,0
DA:66,0
DA:67,0
DA:68,0
DA:69,0
DA:70,0
DA:71,0
DA:72,0
DA:73,0
DA:74,0
DA:75,0
DA:76,0
DA:77,0
DA:78,0
DA:79,0
DA:80,0
DA:81,0
DA:82,0
DA:83,0
DA:84,0
DA:85,0
DA:86,0
DA:87,0
DA:88,0
DA:89,0
DA:90,0
DA:91,0
DA:92,0
DA:94,0
DA:97,0
DA:98,0
DA:99,0
DA:100,0
DA:102,0
LF:69
LH:0
end_of_record
TN:
SF:/home/hawk/brainfCompiler/src/parse_file.c
FN:12,main
FNDA:991,main
FNF:1
FNH:1
DA:12,991
DA:13,991
DA:14,0
DA:15,1982
DA:16,991
DA:17,0
DA:18,991
DA:19,991
DA:20,991
DA:21,991
DA:22,991
LF:11
LH:9
end_of_record
TN:
SF:/home/hawk/brainfCompiler/src/parser.c
FN:31,hasNextStmt
FN:36,hasCommaNext
FN:39,atSemicolon
FN:43,parserCanProceed
FN:47,is_assignable
FN:51,is_atomic
FN:72,parses_to_int
FN:89,parses_to_assignable
FN:99,isOpType
FN:102,isBinaryOpVal
FN:105,isAssignOpVal
FN:108,isSuffixVal
FN:111,isPrefixVal
FN:114,isValidOp
FN:126,isDelimChar
FN:130,isValidInitStmt
FN:136,parsePrint
FN:147,parseInput
FN:154,parseBreak
FN:159,parseCall
FN:179,parseSuffix
FN:193,parsePrefix
FN:206,parseParenthesis
FN:212,parseArrayLit
FN:240,parseNum
FN:246,parseStr
FN:267,parseArrayRef
FN:286,parseName
FN:295,parse_atom
FN:332,parse_exp
FN:359,parseVar
FN:380,parseWhile
FN:398,parseFor
FN:448,parseIf
FN:484,parse_single_stmt
FN:521,parse_stmt
FN:533,parse_file
FNDA:33,parseWhile
FNDA:10167,atSemicolon
FNDA:8878,isOpType
FNDA:11,parseInput
FNDA:1189,parse_file
FNDA:2486,parseName
FNDA:176,parseArrayLit
FNDA:440,hasCommaNext
FNDA:55,parseIf
FNDA:1310,parse_stmt
FNDA:11,parseFor
FNDA:33,parsePrint
FNDA:0,is_assignable
FNDA:3598,isSuffixVal
FNDA:11741,hasNextStmt
FNDA:1518,isAssignOpVal
FNDA:55,parseSuffix
FNDA:2343,isValidOp
FNDA:957,parseNum
FNDA:1331,isPrefixVal
FNDA:10200,parserCanProceed
FNDA:264,parses_to_assignable
FNDA:132,parseParenthesis
FNDA:0,is_atomic
FNDA:55,parseCall
FNDA:2706,parseArrayRef
FNDA:77,parsePrefix
FNDA:56,parseStr
FNDA:341,parseVar
FNDA:88,isBinaryOpVal
FNDA:1541,parse_single_stmt
FNDA:11,parseBreak
FNDA:0,parses_to_int
FNDA:3399,isDelimChar
FNDA:3543,parse_atom
FNDA:11,isValidInitStmt
FNDA:3466,parse_exp
FNF:37
FNH:34
DA:31,11741
DA:33,11741
DA:36,440
DA:37,440
DA:39,10167
DA:40,10167
DA:43,10200
DA:44,10200
DA:47,0
DA:48,0
DA:51,0
DA:52,0
DA:53,0
DA:54,0
DA:55,0
DA:57,0
DA:58,0
DA:59,0
DA:60,0
DA:61,0
DA:62,0
DA:64,0
DA:65,0
DA:66,0
DA:67,0
DA:68,0
DA:72,0
DA:73,0
DA:74,0
DA:75,0
DA:76,0
DA:78,0
DA:79,0
DA:81,0
DA:82,0
DA:83,0
DA:84,0
DA:85,0
DA:89,264
DA:90,264
DA:91,0
DA:92,264
DA:93,242
DA:94,22
DA:95,0
DA:96,22
DA:99,8878
DA:100,8878
DA:102,88
DA:103,88
DA:105,1518
DA:106,1518
DA:108,3598
DA:109,3598
DA:111,1331
DA:112,1331
DA:114,2343
DA:115,2343
DA:116,825
DA:117,1518
DA:118,264
DA:119,1254
DA:126,3399
DA:127,3399
DA:130,11
DA:131,11
DA:132,0
DA:136,33
DA:137,33
DA:138,33
DA:140,33
DA:142,33
DA:143,33
DA:145,33
DA:146,33
DA:147,11
DA:148,11
DA:149,11
DA:150,11
DA:152,11
DA:153,11
DA:154,11
DA:155,11
DA:156,11
DA:157,11
DA:159,55
DA:160,55
DA:161,55
DA:162,0
DA:164,55
DA:165,33
DA:166,33
DA:167,33
DA:168,11
DA:169,11
DA:170,11
DA:171,11
DA:172,11
DA:173,11
DA:174,0
DA:175,0
DA:179,55
DA:180,55
DA:181,0
DA:182,55
DA:183,55
DA:184,0
DA:185,0
DA:186,0
DA:188,55
DA:189,55
DA:190,55
DA:191,55
DA:193,77
DA:194,77
DA:195,0
DA:200,77
DA:201,77
DA:202,77
DA:203,77
DA:204,77
DA:206,132
DA:207,132
DA:208,132
DA:209,132
DA:210,132
DA:212,176
DA:214,176
DA:216,176
DA:217,176
DA:219,440
DA:220,440
DA:221,440
DA:222,176
DA:223,264
DA:225,264
DA:226,0
DA:227,0
DA:228,0
DA:229,0
DA:231,0
DA:235,176
DA:237,176
DA:238,176
DA:240,957
DA:241,957
DA:242,957
DA:243,957
DA:244,957
DA:246,56
DA:247,56
DA:250,56
DA:252,56
DA:253,0
DA:254,0
DA:257,56
DA:258,224
DA:259,168
DA:260,168
DA:261,168
DA:263,56
DA:264,56
DA:265,56
DA:267,2706
DA:268,2706
DA:269,2486
DA:271,220
DA:272,220
DA:273,220
DA:276,220
DA:277,220
DA:278,121
DA:279,121
DA:282,220
DA:283,220
DA:286,2486
DA:288,2486
DA:289,2486
DA:290,2486
DA:291,2486
DA:295,3543
DA:296,3543
DA:297,0
DA:299,3543
DA:300,77
DA:301,77
DA:302,77
DA:303,957
DA:304,957
DA:305,957
DA:306,2145
DA:307,2145
DA:308,2145
DA:309,56
DA:310,56
DA:311,56
DA:312,308
DA:313,308
DA:314,132
DA:315,176
DA:316,176
DA:317,308
DA:318,0
DA:319,0
DA:320,0
DA:321,0
DA:322,0
DA:325,3543
DA:326,55
DA:327,55
DA:328,55
DA:332,3466
DA:334,3466
DA:336,4731
DA:337,1287
DA:338,1287
DA:340,1287
DA:341,1287
DA:342,1287
DA:344,1287
DA:345,22
DA:347,1265
DA:348,1265
DA:349,1265
DA:350,1265
DA:352,1265
DA:353,1265
DA:355,3444
DA:359,341
DA:360,341
DA:361,341
DA:363,341
DA:365,341
DA:366,341
DA:368,341
DA:369,11
DA:371,330
DA:373,319
DA:374,319
DA:376,319
DA:377,0
DA:380,33
DA:381,33
DA:383,33
DA:384,33
DA:386,33
DA:387,33
DA:389,33
DA:390,33
DA:392,33
DA:393,33
DA:395,33
DA:396,33
DA:398,11
DA:407,11
DA:408,11
DA:409,11
DA:411,11
DA:412,11
DA:413,0
DA:415,11
DA:416,11
DA:417,11
DA:418,11
DA:420,11
DA:421,11
DA:423,11
DA:425,11
DA:426,11
DA:427,11
DA:429,11
DA:430,11
DA:432,11
DA:433,11
DA:434,11
DA:435,11
DA:436,11
DA:437,0
DA:439,11
DA:441,0
DA:443,11
DA:445,11
DA:446,11
DA:448,55
DA:449,55
DA:451,55
DA:452,55
DA:454,55
DA:455,55
DA:457,55
DA:458,55
DA:460,55
DA:461,55
DA:463,55
DA:465,55
DA:466,33
DA:467,33
DA:468,0
DA:470,33
DA:471,33
DA:472,33
DA:473,0
DA:475,33
DA:476,11
DA:477,22
DA:478,22
DA:479,22
DA:482,44
DA:484,1541
DA:485,1541
DA:486,0
DA:488,1541
DA:490,1541
DA:491,495
DA:492,341
DA:494,341
DA:495,330
DA:496,330
DA:497,33
DA:498,33
DA:499,33
DA:500,11
DA:501,11
DA:502,11
DA:503,55
DA:504,55
DA:505,44
DA:506,55
DA:507,55
DA:508,55
DA:509,55
DA:510,55
DA:511,55
DA:514,1046
DA:515,1046
DA:516,1046
DA:517,1024
DA:521,1310
DA:522,1310
DA:523,1310
DA:524,1266
DA:525,1134
DA:526,1486
DA:527,220
DA:528,220
DA:529,220
DA:531,1266
DA:533,1189
DA:534,1189
DA:535,1189
DA:536,0
DA:538,1189
DA:539,1145
DA:541,1145
DA:542,1145
DA:543,1145
LF:356
LH:294
end_of_record
TN:
SF:/home/hawk/brainfCompiler/src/reader.c
FN:39,read_next_line
FN:60,peek
FN:68,advance
FN:94,skip_spaces
FN:100,readInFile
FN:134,killReader
FN:160,getOpStr
FN:166,getKeyStr
FN:172,getPrio
FN:182,isAssignOp
FN:189,isBinaryOp
FN:193,is_suffix_unary
FN:204,is_prefix_unary
FN:217,matchesOp
FN:221,isKeyword
FN:226,isTrueFalseKey
FN:231,isDelim
FN:234,getOpEnum
FN:240,getKeyType
FN:266,getNextOp
FN:282,getNextNum
FN:293,getNextWord
FN:310,getCharacterValue
FN:322,catchEscapeChar
FN:339,getNextString
FN:387,initKeywordValue
FN:397,initNameValue
FN:409,initOpValue
FN:414,initDelimValue
FN:430,initNumValue
FN:436,nextValue
FN:460,acceptValue
FN:475,stealNextString
FN:487,stealNextName
FN:499,stealNextOp
FNDA:1331,is_prefix_unary
FNDA:3047,isKeyword
FNDA:20084,advance
FNDA:1189,killReader
FNDA:6030,matchesOp
FNDA:10233,skip_spaces
FNDA:550,initKeywordValue
FNDA:3047,getKeyType
FNDA:55,getCharacterValue
FNDA:3390,initDelimValue
FNDA:67,getNextString
FNDA:891,initNumValue
FNDA:56,catchEscapeChar
FNDA:2607,getPrio
FNDA:5775,getOpEnum
FNDA:550,isTrueFalseKey
FNDA:38070,peek
FNDA:88,isBinaryOp
FNDA:891,getNextNum
FNDA:913,getKeyStr
FNDA:10233,nextValue
FNDA:1189,readInFile
FNDA:4281,isDelim
FNDA:4092,isAssignOp
FNDA:4126,acceptValue
FNDA:3047,initNameValue
FNDA:1133,getOpStr
FNDA:1749,getNextOp
FNDA:1397,is_suffix_unary
FNDA:1749,initOpValue
FNDA:1419,stealNextOp
FNDA:56,stealNextString
FNDA:3047,getNextWord
FNDA:3325,read_next_line
FNDA:2486,stealNextName
FNF:35
FNH:35
DA:39,3325
DA:40,3325
DA:41,0
DA:42,0
DA:45,3325
DA:46,3325
DA:48,3325
DA:49,892
DA:50,892
DA:53,2433
DA:54,2433
DA:55,2433
DA:56,2433
DA:60,38070
DA:61,38070
DA:62,22
DA:63,38048
DA:64,38048
DA:65,0
DA:66,38048
DA:68,20084
DA:69,20084
DA:70,20084
DA:71,0
DA:72,0
DA:74,20084
DA:75,20084
DA:76,17684
DA:77,17684
DA:80,2400
DA:81,2136
DA:82,2136
DA:86,264
DA:87,264
DA:88,264
DA:89,264
DA:91,264
DA:94,10233
DA:95,18419
DA:96,8186
DA:97,10233
DA:100,1189
DA:101,1189
DA:102,0
DA:104,1189
DA:105,1189
DA:106,0
DA:108,1189
DA:110,1189
DA:111,0
DA:112,0
DA:115,1189
DA:116,1189
DA:117,1189
DA:119,1189
DA:120,1189
DA:121,1189
DA:122,1189
DA:124,1189
DA:125,0
DA:127,1189
DA:129,1189
DA:130,1189
DA:131,1189
DA:134,1189
DA:135,1189
DA:136,0
DA:138,1189
DA:139,925
DA:140,925
DA:143,1189
DA:144,1189
DA:145,1189
DA:148,1189
DA:149,11
DA:151,1189
DA:152,1189
DA:154,1189
DA:155,1189
DA:156,1189
DA:157,1189
DA:160,1133
DA:161,1133
DA:162,1133
DA:163,0
DA:166,913
DA:167,913
DA:168,913
DA:169,0
DA:172,2607
DA:173,2607
DA:174,0
DA:175,18568
DA:176,43175
DA:177,27214
DA:178,2365
DA:179,242
DA:182,4092
DA:183,42207
DA:184,38907
DA:185,792
DA:186,3300
DA:189,88
DA:190,88
DA:193,1397
DA:194,1397
DA:195,242
DA:197,3267
DA:198,2222
DA:199,110
DA:201,1045
DA:204,1331
DA:205,1331
DA:206,264
DA:208,6105
DA:209,5203
DA:210,165
DA:213,902
DA:217,6030
DA:218,6030
DA:221,3047
DA:223,3047
DA:226,550
DA:228,550
DA:231,4281
DA:232,4281
DA:234,5775
DA:235,115533
DA:236,113806
DA:237,4048
DA:238,1727
DA:240,3047
DA:241,3047
DA:242,0
DA:243,31581
DA:244,29084
DA:245,550
DA:247,2497
DA:266,1749
DA:267,1749
DA:268,1749
DA:270,4048
DA:271,4048
DA:272,1749
DA:273,1749
DA:275,2299
DA:276,2299
DA:279,1749
DA:282,891
DA:283,891
DA:284,1892
DA:285,1001
DA:287,891
DA:288,0
DA:290,891
DA:293,3047
DA:294,3047
DA:295,3047
DA:296,3047
DA:297,0
DA:299,3047
DA:300,7810
DA:301,4763
DA:302,4763
DA:305,3047
DA:306,3047
DA:307,3047
DA:310,55
DA:311,55
DA:312,55
DA:313,11
DA:315,44
DA:316,0
DA:319,44
DA:322,56
DA:323,56
DA:324,11
DA:325,11
DA:326,12
DA:327,12
DA:328,0
DA:329,0
DA:330,11
DA:331,11
DA:332,11
DA:333,11
DA:334,11
DA:335,11
DA:339,67
DA:340,67
DA:341,67
DA:342,67
DA:343,67
DA:344,0
DA:346,290
DA:347,234
DA:348,56
DA:350,56
DA:351,56
DA:352,11
DA:353,11
DA:356,178
DA:358,223
DA:361,56
DA:362,0
DA:363,0
DA:365,56
DA:366,56
DA:367,56
DA:387,550
DA:388,550
DA:389,22
DA:390,22
DA:391,22
DA:393,528
DA:394,528
DA:397,3047
DA:398,3047
DA:399,3047
DA:400,550
DA:401,550
DA:402,550
DA:405,2497
DA:406,2497
DA:409,1749
DA:410,1749
DA:411,1749
DA:412,1749
DA:414,3390
DA:415,3390
DA:416,55
DA:417,55
DA:418,55
DA:419,55
DA:420,67
DA:421,67
DA:422,56
DA:423,56
DA:426,3268
DA:427,3268
DA:430,891
DA:431,891
DA:432,891
DA:433,891
DA:436,10233
DA:437,10233
DA:439,10233
DA:440,1156
DA:442,9077
DA:444,9077
DA:445,3047
DA:446,6030
DA:447,1749
DA:448,4281
DA:449,3390
DA:450,891
DA:451,891
DA:453,0
DA:460,4126
DA:461,4126
DA:462,4126
DA:463,0
DA:464,4126
DA:465,0
DA:467,4126
DA:468,0
DA:469,4126
DA:470,0
DA:471,4126
DA:472,4115
DA:475,56
DA:476,56
DA:477,56
DA:478,0
DA:480,56
DA:481,56
DA:482,56
DA:483,56
DA:484,56
DA:487,2486
DA:488,2486
DA:489,2486
DA:490,0
DA:492,2486
DA:493,2486
DA:494,2486
DA:495,2486
DA:496,2486
DA:499,1419
DA:500,1419
DA:501,1419
DA:502,0
DA:503,1419
DA:504,1419
DA:505,1419
DA:506,1419
LF:296
LH:265
end_of_record
TN:
SF:/home/hawk/brainfCompiler/src/semantics.c
FN:20,setup_env
FN:34,increase_env_len
FN:48,free_child_env
FN:59,free_env
FN:80,define_var
FN:92,get_var
FN:103,get_var_depth
FN:113,get_exp_name
FN:136,get_exp_name_depth
FN:142,get_exp_depth
FN:175,exp_is_unary
FN:195,is_array
FN:199,setting_two_arrays
FN:205,raise_error_if_invalid_depth
FN:211,raise_error_if_immutable
FN:218,op_must_be_assignable
FN:222,is_incrementable
FN:228,check_exp_semantics
FN:300,check_stmt_semantics
FN:361,check_file_semantics
FNDA:242,raise_error_if_invalid_depth
FNDA:770,is_array
FNDA:605,get_exp_name
FNDA:198,setup_env
FNDA:2068,get_exp_depth
FNDA:242,increase_env_len
FNDA:154,free_env
FNDA:44,setting_two_arrays
FNDA:44,free_child_env
FNDA:1023,check_exp_semantics
FNDA:33,is_incrementable
FNDA:1584,get_var
FNDA:198,check_file_semantics
FNDA:44,exp_is_unary
FNDA:418,get_exp_name_depth
FNDA:407,check_stmt_semantics
FNDA:561,get_var_depth
FNDA:242,define_var
FNDA:33,op_must_be_assignable
FNDA:55,raise_error_if_immutable
FNF:20
FNH:20
DA:20,198
DA:21,198
DA:22,198
DA:23,198
DA:24,198
DA:25,198
DA:26,198
DA:27,198
DA:28,0
DA:29,0
DA:30,0
DA:32,198
DA:34,242
DA:35,242
DA:36,242
DA:38,0
DA:39,0
DA:40,0
DA:41,0
DA:42,0
DA:44,0
DA:48,44
DA:49,44
DA:50,0
DA:51,44
DA:52,44
DA:53,44
DA:54,44
DA:55,44
DA:59,154
DA:60,154
DA:61,0
DA:62,154
DA:63,0
DA:64,0
DA:66,154
DA:67,154
DA:68,154
DA:70,154
DA:71,154
DA:73,154
DA:74,154
DA:75,154
DA:76,154
DA:80,242
DA:81,242
DA:82,0
DA:84,242
DA:85,242
DA:86,242
DA:87,242
DA:88,242
DA:89,242
DA:92,1584
DA:93,1584
DA:94,242
DA:95,1518
DA:96,1023
DA:97,1023
DA:98,847
DA:100,495
DA:103,561
DA:104,561
DA:105,0
DA:106,561
DA:107,561
DA:108,561
DA:109,0
DA:113,605
DA:114,605
DA:115,0
DA:117,605
DA:118,187
DA:119,187
DA:120,0
DA:122,0
DA:123,0
DA:124,0
DA:126,0
DA:127,0
DA:128,0
DA:129,418
DA:130,418
DA:131,0
DA:132,0
DA:136,418
DA:137,418
DA:138,88
DA:139,330
DA:142,2068
DA:143,2068
DA:144,0
DA:145,2068
DA:146,77
DA:147,77
DA:148,77
DA:149,77
DA:150,220
DA:151,220
DA:152,858
DA:153,638
DA:154,638
DA:155,22
DA:157,220
DA:158,22
DA:159,22
DA:160,198
DA:162,198
DA:163,198
DA:164,198
DA:165,11
DA:167,187
DA:168,484
DA:169,484
DA:170,1067
DA:171,1067
DA:175,44
DA:176,44
DA:195,770
DA:196,770
DA:199,44
DA:200,44
DA:201,0
DA:202,44
DA:205,242
DA:206,242
DA:207,11
DA:209,231
DA:211,55
DA:212,55
DA:213,55
DA:214,11
DA:216,44
DA:218,33
DA:219,33
DA:222,33
DA:223,33
DA:224,33
DA:228,1023
DA:229,1023
DA:230,0
DA:232,1023
DA:233,198
DA:234,198
DA:235,198
DA:236,0
DA:237,198
DA:239,55
DA:240,55
DA:241,55
DA:242,55
DA:243,44
DA:244,0
DA:245,0
DA:246,0
DA:247,0
DA:249,44
DA:250,0
DA:251,44
DA:252,0
DA:253,44
DA:254,44
DA:255,44
DA:256,44
DA:257,44
DA:258,11
DA:259,33
DA:260,0
DA:262,33
DA:263,22
DA:264,121
DA:265,121
DA:266,121
DA:267,121
DA:268,0
DA:270,121
DA:271,0
DA:272,121
DA:273,121
DA:274,121
DA:275,33
DA:276,33
DA:277,11
DA:278,22
DA:279,22
DA:280,22
DA:281,77
DA:282,330
DA:283,253
DA:284,77
DA:285,11
DA:286,11
DA:287,11
DA:288,11
DA:289,0
DA:291,0
DA:292,484
DA:293,484
DA:294,0
DA:295,0
DA:296,0
DA:300,407
DA:301,407
DA:302,0
DA:304,407
DA:305,253
DA:306,253
DA:307,253
DA:308,253
DA:310,253
DA:311,253
DA:313,253
DA:314,11
DA:316,242
DA:317,0
DA:319,242
DA:322,231
DA:323,220
DA:324,99
DA:325,99
DA:326,66
DA:327,33
DA:328,33
DA:329,11
DA:330,22
DA:333,22
DA:334,22
DA:335,22
DA:337,22
DA:339,11
DA:340,11
DA:341,11
DA:343,22
DA:344,22
DA:345,22
DA:346,11
DA:347,11
DA:349,11
DA:350,11
DA:351,11
DA:352,11
DA:353,0
DA:354,0
DA:355,0
DA:357,319
DA:358,209
DA:361,198
DA:362,198
DA:365,154
DA:366,154
DA:367,154
DA:368,154
DA:369,66
DA:370,66
LF:254
LH:205
end_of_record
TN:
SF:/home/hawk/brainfCompiler/src/stmt.c
FN:20,free_stmt
FN:72,print_stmt
FN:118,init_stmt
FN:129,init_varStmt
FN:140,init_ifStmt
FN:150,init_loopStmt
FN:160,init_expStmt
FN:168,stmts_match
FNDA:55,init_ifStmt
FNDA:0,stmts_match
FNDA:341,init_varStmt
FNDA:1563,init_stmt
FNDA:11,init_expStmt
FNDA:2092,print_stmt
FNDA:4007,free_stmt
FNDA:44,init_loopStmt
FNF:8
FNH:7
DA:20,4007
DA:21,4007
DA:22,2444
DA:23,1563
DA:24,11
DA:25,11
DA:26,341
DA:27,341
DA:28,0
DA:29,341
DA:30,341
DA:31,341
DA:32,341
DA:33,341
DA:34,341
DA:35,341
DA:36,44
DA:37,44
DA:38,0
DA:39,44
DA:40,44
DA:41,44
DA:42,44
DA:43,44
DA:44,44
DA:45,44
DA:46,55
DA:47,55
DA:48,0
DA:49,55
DA:50,55
DA:51,55
DA:52,55
DA:53,55
DA:54,55
DA:55,55
DA:56,55
DA:57,55
DA:58,1112
DA:59,1112
DA:60,1112
DA:61,1112
DA:64,1563
DA:65,1519
DA:66,1519
DA:68,1563
DA:72,2092
DA:73,2092
DA:74,1035
DA:75,1035
DA:77,1057
DA:78,0
DA:79,0
DA:80,0
DA:81,44
DA:82,44
DA:83,44
DA:84,44
DA:85,44
DA:86,44
DA:87,44
DA:88,44
DA:90,22
DA:91,22
DA:92,22
DA:93,22
DA:94,22
DA:95,22
DA:96,22
DA:97,11
DA:98,11
DA:99,11
DA:100,11
DA:101,11
DA:102,11
DA:103,11
DA:104,11
DA:105,11
DA:106,980
DA:107,980
DA:108,980
DA:109,980
DA:110,980
DA:113,1057
DA:114,1057
DA:118,1563
DA:119,1563
DA:120,1563
DA:121,0
DA:123,1563
DA:124,1563
DA:125,1563
DA:126,1563
DA:129,341
DA:130,341
DA:131,341
DA:132,341
DA:133,341
DA:135,341
DA:136,0
DA:137,341
DA:138,341
DA:140,55
DA:141,55
DA:142,55
DA:143,55
DA:144,55
DA:146,55
DA:147,0
DA:148,55
DA:150,44
DA:151,44
DA:152,44
DA:153,44
DA:154,44
DA:156,44
DA:157,0
DA:158,44
DA:160,11
DA:161,11
DA:162,11
DA:163,11
DA:164,11
DA:165,11
DA:168,0
DA:169,0
DA:170,0
DA:171,0
DA:172,0
DA:173,0
DA:174,0
DA:176,0
DA:177,0
DA:178,0
DA:179,0
DA:180,0
DA:181,0
DA:182,0
DA:183,0
DA:184,0
DA:185,0
DA:186,0
DA:187,0
DA:188,0
DA:189,0
DA:190,0
DA:191,0
DA:192,0
DA:193,0
DA:194,0
DA:195,0
DA:196,0
DA:199,0
LF:153
LH:114
end_of_record
TN:
SF:/home/hawk/brainfCompiler/src/utils.c
FN:49,default_error_exit
FN:57,get_error_message
FN:64,set_strlen
FN:73,reset_strlen_if_needed
FN:81,_raise_error
FN:89,_raise_syntax_error
FN:142,get_line_at_pos
FN:184,_raise_semantic_error
FN:218,_raise_exp_semantic_error
FN:222,_raise_stmt_semantic_error
FNDA:0,_raise_error
FNDA:77,_raise_exp_semantic_error
FNDA:3103,set_strlen
FNDA:44,_raise_syntax_error
FNDA:132,default_error_exit
FNDA:11,_raise_stmt_semantic_error
FNDA:44,get_error_message
FNDA:88,_raise_semantic_error
FNDA:88,get_line_at_pos
FNDA:4986,reset_strlen_if_needed
FNF:10
FNH:9
DA:49,132
DA:51,132
DA:57,44
DA:58,44
DA:59,44
DA:61,0
DA:64,3103
DA:65,3103
DA:66,3103
DA:67,0
DA:68,0
DA:70,3103
DA:71,3103
DA:73,4986
DA:74,4986
DA:75,0
DA:76,0
DA:78,4986
DA:81,0
DA:84,0
DA:85,0
DA:86,0
DA:89,44
DA:90,44
DA:91,44
DA:92,44
DA:93,44
DA:95,44
DA:96,11
DA:97,11
DA:101,44
DA:103,44
DA:106,44
DA:107,33
DA:110,33
DA:113,495
DA:114,462
DA:116,33
DA:119,33
DA:120,275
DA:121,242
DA:125,33
DA:126,154
DA:127,121
DA:129,33
DA:132,44
DA:133,44
DA:135,0
DA:137,44
DA:138,0
DA:142,88
DA:143,88
DA:144,88
DA:145,0
DA:148,88
DA:149,88
DA:150,0
DA:151,0
DA:154,264
DA:155,176
DA:156,0
DA:157,0
DA:158,0
DA:161,88
DA:162,0
DA:163,0
DA:166,88
DA:167,88
DA:170,88
DA:172,88
DA:174,88
DA:175,0
DA:176,88
DA:177,88
DA:178,88
DA:179,88
DA:180,88
DA:184,88
DA:185,88
DA:186,88
DA:188,88
DA:189,88
DA:190,88
DA:191,88
DA:195,1276
DA:196,1188
DA:197,88
DA:200,88
DA:201,605
DA:202,517
DA:204,88
DA:206,88
DA:209,88
DA:211,0
DA:214,88
DA:215,88
DA:216,0
DA:218,77
DA:219,77
DA:220,0
DA:222,11
DA:223,11
DA:224,0
LF:103
LH:79
end_of_record
