TN:
SF:/home/hawk/brainfCompiler/src/check_semantics.c
FN:12,main
FNDA:23,main
FNF:1
FNH:1
DA:12,23
DA:13,23
DA:14,0
DA:15,29
DA:16,23
DA:17,0
DA:19,23
DA:22,6
LF:8
LH:6
end_of_record
TN:
SF:/home/hawk/brainfCompiler/src/exp.c
FN:21,free_exp_contents
FN:86,free_exp
FN:91,print_exp
FN:148,init_exp
FN:160,init_binary
FN:173,init_exp_unary
FN:184,init_exp_array_ref
FN:197,init_exp_array_lit
FN:216,set_exp_arraylit_len
FN:230,init_exp_call
FN:243,swap_exps
FN:249,exps_match
FN:292,exps_are_compatable
FNDA:121,init_binary
FNDA:23,init_exp_array_ref
FNDA:489,free_exp
FNDA:0,exps_match
FNDA:12,init_exp_unary
FNDA:30,init_exp_array_lit
FNDA:562,free_exp_contents
FNDA:470,init_exp
FNDA:4,init_exp_call
FNDA:30,set_exp_arraylit_len
FNDA:346,print_exp
FNDA:33,exps_are_compatable
FNDA:149,swap_exps
FNF:13
FNH:12
DA:21,562
DA:22,562
DA:23,19
DA:24,543
DA:25,117
DA:27,117
DA:28,236
DA:29,236
DA:30,0
DA:31,236
DA:32,236
DA:33,236
DA:34,23
DA:35,23
DA:36,0
DA:37,23
DA:38,23
DA:39,23
DA:40,23
DA:41,23
DA:42,23
DA:43,23
DA:44,30
DA:45,30
DA:46,0
DA:47,30
DA:48,0
DA:49,103
DA:50,73
DA:51,30
DA:52,30
DA:53,30
DA:54,30
DA:55,30
DA:56,121
DA:58,121
DA:59,0
DA:60,121
DA:61,121
DA:62,121
DA:63,121
DA:64,121
DA:65,121
DA:66,121
DA:67,12
DA:68,12
DA:69,0
DA:70,12
DA:71,12
DA:72,12
DA:73,12
DA:74,12
DA:75,4
DA:76,4
DA:77,0
DA:78,4
DA:79,4
DA:80,4
DA:81,4
DA:82,4
DA:86,489
DA:87,489
DA:88,489
DA:89,489
DA:91,346
DA:92,346
DA:93,4
DA:95,342
DA:96,0
DA:97,0
DA:98,0
DA:99,169
DA:100,169
DA:101,169
DA:102,46
DA:103,46
DA:104,46
DA:105,95
DA:107,95
DA:108,95
DA:109,95
DA:110,95
DA:111,95
DA:112,95
DA:113,8
DA:114,8
DA:115,8
DA:116,6
DA:117,6
DA:118,6
DA:120,2
DA:121,2
DA:123,8
DA:124,4
DA:125,4
DA:126,4
DA:127,4
DA:128,4
DA:129,9
DA:130,9
DA:131,9
DA:132,9
DA:133,9
DA:134,9
DA:135,9
DA:136,11
DA:137,11
DA:138,37
DA:139,26
DA:140,26
DA:141,15
DA:143,11
DA:148,470
DA:149,470
DA:151,470
DA:152,0
DA:154,470
DA:155,470
DA:156,470
DA:157,470
DA:160,121
DA:161,121
DA:162,121
DA:163,121
DA:164,121
DA:166,121
DA:167,0
DA:168,0
DA:170,121
DA:171,121
DA:173,12
DA:174,12
DA:175,12
DA:176,12
DA:177,12
DA:179,12
DA:180,0
DA:181,12
DA:182,12
DA:184,23
DA:185,23
DA:186,23
DA:187,23
DA:188,23
DA:190,23
DA:191,0
DA:192,0
DA:194,23
DA:195,23
DA:197,30
DA:198,30
DA:199,30
DA:200,30
DA:201,30
DA:203,30
DA:204,0
DA:206,30
DA:207,30
DA:209,30
DA:210,0
DA:211,0
DA:212,0
DA:214,30
DA:216,30
DA:217,30
DA:218,5
DA:221,25
DA:222,25
DA:223,0
DA:226,25
DA:227,25
DA:230,4
DA:231,4
DA:232,4
DA:233,4
DA:234,4
DA:236,4
DA:237,0
DA:238,4
DA:239,4
DA:243,149
DA:244,149
DA:245,149
DA:246,149
DA:247,149
DA:249,0
DA:250,0
DA:251,0
DA:252,0
DA:253,0
DA:254,0
DA:255,0
DA:257,0
DA:258,0
DA:259,0
DA:260,0
DA:261,0
DA:262,0
DA:263,0
DA:264,0
DA:265,0
DA:266,0
DA:267,0
DA:269,0
DA:270,0
DA:271,0
DA:272,0
DA:273,0
DA:274,0
DA:275,0
DA:276,0
DA:277,0
DA:278,0
DA:279,0
DA:280,0
DA:281,0
DA:282,0
DA:283,0
DA:284,0
DA:285,0
DA:286,0
DA:287,0
DA:288,0
DA:292,33
DA:293,33
DA:294,0
DA:296,33
DA:297,0
DA:299,33
DA:300,12
DA:301,21
DA:302,21
DA:304,0
LF:233
LH:170
end_of_record
TN:
SF:/home/hawk/brainfCompiler/src/interp.c
FN:17,interp
FNDA:0,interp
FNF:1
FNH:0
DA:17,0
DA:18,0
DA:19,0
DA:20,0
DA:21,0
DA:24,0
DA:25,0
DA:26,0
DA:27,0
DA:28,0
DA:29,0
DA:30,0
DA:31,0
DA:32,0
DA:33,0
DA:36,0
DA:37,0
DA:40,0
DA:43,0
DA:44,0
DA:45,0
DA:46,0
DA:47,0
DA:48,0
DA:49,0
DA:50,0
DA:51,0
DA:52,0
DA:58,0
DA:59,0
DA:60,0
DA:61,0
DA:62,0
DA:63,0
DA:64,0
DA:65,0
DA:66,0
DA:67,0
DA:68,0
DA:69,0
DA:70,0
DA:71,0
DA:72,0
DA:73,0
DA:74,0
DA:75,0
DA:76,0
DA:77,0
DA:78,0
DA:79,0
DA:80,0
DA:81,0
DA:82,0
DA:83,0
DA:84,0
DA:85,0
DA:86,0
DA:87,0
DA:88,0
DA:89,0
DA:90,0
DA:91,0
DA:92,0
DA:94,0
DA:97,0
DA:98,0
DA:99,0
DA:100,0
DA:102,0
LF:69
LH:0
end_of_record
TN:
SF:/home/hawk/brainfCompiler/src/parse_file.c
FN:12,main
FNDA:90,main
FNF:1
FNH:1
DA:12,90
DA:13,90
DA:14,0
DA:15,180
DA:16,90
DA:17,0
DA:18,90
DA:19,90
DA:20,90
DA:21,90
LF:10
LH:8
end_of_record
TN:
SF:/home/hawk/brainfCompiler/src/parser.c
FN:31,hasNextStmt
FN:36,hasCommaNext
FN:39,atSemicolon
FN:43,parserCanProceed
FN:47,is_assignable
FN:51,is_atomic
FN:72,parses_to_int
FN:89,parses_to_assignable
FN:99,isOpType
FN:102,isBinaryOpVal
FN:105,isAssignOpVal
FN:108,isSuffixVal
FN:111,isPrefixVal
FN:114,isValidOp
FN:126,isDelimChar
FN:130,isValidInitStmt
FN:136,parsePrint
FN:147,parseInput
FN:154,parseBreak
FN:159,parseCall
FN:179,parseSuffix
FN:193,parsePrefix
FN:206,parseParenthesis
FN:212,parseArrayLit
FN:240,parseNum
FN:246,parseStr
FN:267,parseArrayRef
FN:286,parseName
FN:295,parse_atom
FN:332,parse_exp
FN:359,parseVar
FN:380,parseWhile
FN:398,parseFor
FN:448,parseIf
FN:484,parse_single_stmt
FN:521,parse_stmt
FN:533,parse_file
FNDA:0,is_atomic
FNDA:7,parsePrefix
FNDA:2,parsePrint
FNDA:27,parses_to_assignable
FNDA:1008,parserCanProceed
FNDA:58,hasCommaNext
FNDA:1,parseBreak
FNDA:1,parseInput
FNDA:5,parseSuffix
FNDA:0,is_assignable
FNDA:354,isSuffixVal
FNDA:2,parseWhile
FNDA:113,parse_file
FNDA:343,isDelimChar
FNDA:1155,hasNextStmt
FNDA:122,parse_stmt
FNDA:1,isValidInitStmt
FNDA:1,parseFor
FNDA:850,isOpType
FNDA:1006,atSemicolon
FNDA:25,parseArrayLit
FNDA:142,isAssignOpVal
FNDA:147,parse_single_stmt
FNDA:12,parseParenthesis
FNDA:0,parses_to_int
FNDA:102,parseNum
FNDA:259,parseArrayRef
FNDA:4,parseCall
FNDA:37,parseVar
FNDA:350,parse_atom
FNDA:4,parseIf
FNDA:343,parse_exp
FNDA:5,parseStr
FNDA:122,isPrefixVal
FNDA:8,isBinaryOpVal
FNDA:224,isValidOp
FNDA:236,parseName
FNF:37
FNH:34
DA:31,1155
DA:33,1155
DA:36,58
DA:37,58
DA:39,1006
DA:40,1006
DA:43,1008
DA:44,1008
DA:47,0
DA:48,0
DA:51,0
DA:52,0
DA:53,0
DA:54,0
DA:55,0
DA:57,0
DA:58,0
DA:59,0
DA:60,0
DA:61,0
DA:62,0
DA:64,0
DA:65,0
DA:66,0
DA:67,0
DA:68,0
DA:72,0
DA:73,0
DA:74,0
DA:75,0
DA:76,0
DA:78,0
DA:79,0
DA:81,0
DA:82,0
DA:83,0
DA:84,0
DA:85,0
DA:89,27
DA:90,27
DA:91,0
DA:92,27
DA:93,25
DA:94,2
DA:95,0
DA:96,2
DA:99,850
DA:100,850
DA:102,8
DA:103,8
DA:105,142
DA:106,142
DA:108,354
DA:109,354
DA:111,122
DA:112,122
DA:114,224
DA:115,224
DA:116,82
DA:117,142
DA:118,27
DA:119,115
DA:126,343
DA:127,343
DA:130,1
DA:131,1
DA:132,0
DA:136,2
DA:137,2
DA:138,2
DA:140,2
DA:142,2
DA:143,2
DA:145,2
DA:146,2
DA:147,1
DA:148,1
DA:149,1
DA:150,1
DA:152,1
DA:153,1
DA:154,1
DA:155,1
DA:156,1
DA:157,1
DA:159,4
DA:160,4
DA:161,4
DA:162,0
DA:164,4
DA:165,2
DA:166,2
DA:167,2
DA:168,1
DA:169,1
DA:170,1
DA:171,1
DA:172,1
DA:173,1
DA:174,0
DA:175,0
DA:179,5
DA:180,5
DA:181,0
DA:182,5
DA:183,5
DA:184,0
DA:185,0
DA:186,0
DA:188,5
DA:189,5
DA:190,5
DA:191,5
DA:193,7
DA:194,7
DA:195,0
DA:200,7
DA:201,7
DA:202,7
DA:203,7
DA:204,7
DA:206,12
DA:207,12
DA:208,12
DA:209,12
DA:210,12
DA:212,25
DA:214,25
DA:216,25
DA:217,25
DA:219,58
DA:220,58
DA:221,58
DA:222,25
DA:223,33
DA:225,33
DA:226,0
DA:227,0
DA:228,0
DA:229,0
DA:231,0
DA:235,25
DA:237,25
DA:238,25
DA:240,102
DA:241,102
DA:242,102
DA:243,102
DA:244,101
DA:246,5
DA:247,5
DA:250,5
DA:252,5
DA:253,0
DA:254,0
DA:257,5
DA:258,20
DA:259,15
DA:260,15
DA:261,15
DA:263,5
DA:264,5
DA:265,5
DA:267,259
DA:268,259
DA:269,236
DA:271,23
DA:272,23
DA:273,23
DA:276,23
DA:277,23
DA:278,11
DA:279,11
DA:282,23
DA:283,23
DA:286,236
DA:288,236
DA:289,236
DA:290,236
DA:291,236
DA:295,350
DA:296,350
DA:297,0
DA:299,350
DA:300,7
DA:301,7
DA:302,7
DA:303,102
DA:304,102
DA:305,101
DA:306,199
DA:307,199
DA:308,199
DA:309,5
DA:310,5
DA:311,5
DA:312,37
DA:313,37
DA:314,12
DA:315,25
DA:316,25
DA:317,37
DA:318,0
DA:319,0
DA:320,0
DA:321,0
DA:322,0
DA:325,349
DA:326,5
DA:327,5
DA:328,5
DA:332,343
DA:334,343
DA:336,461
DA:337,121
DA:338,121
DA:340,121
DA:341,121
DA:342,121
DA:344,121
DA:345,2
DA:347,119
DA:348,119
DA:349,119
DA:350,119
DA:352,119
DA:353,119
DA:355,340
DA:359,37
DA:360,37
DA:361,37
DA:363,37
DA:365,37
DA:366,37
DA:368,37
DA:369,1
DA:371,36
DA:373,34
DA:374,34
DA:376,33
DA:377,0
DA:380,2
DA:381,2
DA:383,2
DA:384,2
DA:386,2
DA:387,2
DA:389,2
DA:390,2
DA:392,2
DA:393,2
DA:395,2
DA:396,2
DA:398,1
DA:407,1
DA:408,1
DA:409,1
DA:411,1
DA:412,1
DA:413,0
DA:415,1
DA:416,1
DA:417,1
DA:418,1
DA:420,1
DA:421,1
DA:423,1
DA:425,1
DA:426,1
DA:427,1
DA:429,1
DA:430,1
DA:432,1
DA:433,1
DA:434,1
DA:435,1
DA:436,1
DA:437,0
DA:439,1
DA:441,0
DA:443,1
DA:445,1
DA:446,1
DA:448,4
DA:449,4
DA:451,4
DA:452,4
DA:454,4
DA:455,4
DA:457,4
DA:458,4
DA:460,4
DA:461,4
DA:463,4
DA:465,4
DA:466,3
DA:467,3
DA:468,0
DA:470,3
DA:471,3
DA:472,3
DA:473,0
DA:475,3
DA:476,1
DA:477,2
DA:478,2
DA:479,2
DA:482,3
DA:484,147
DA:485,147
DA:486,0
DA:488,147
DA:490,147
DA:491,48
DA:492,37
DA:494,37
DA:495,34
DA:496,34
DA:497,2
DA:498,2
DA:499,2
DA:500,1
DA:501,1
DA:502,1
DA:503,4
DA:504,4
DA:505,3
DA:506,4
DA:507,4
DA:508,4
DA:509,4
DA:510,4
DA:511,4
DA:514,99
DA:515,99
DA:516,99
DA:517,97
DA:521,122
DA:522,122
DA:523,122
DA:524,115
DA:525,105
DA:526,139
DA:527,24
DA:528,24
DA:529,24
DA:531,115
DA:533,113
DA:534,113
DA:535,113
DA:536,0
DA:538,113
DA:539,106
DA:541,106
DA:542,106
DA:543,106
LF:356
LH:294
end_of_record
TN:
SF:/home/hawk/brainfCompiler/src/reader.c
FN:39,read_next_line
FN:60,peek
FN:68,advance
FN:94,skip_spaces
FN:100,readInFile
FN:134,killReader
FN:160,getOpStr
FN:166,getKeyStr
FN:172,getPrio
FN:182,isAssignOp
FN:189,isBinaryOp
FN:193,is_suffix_unary
FN:204,is_prefix_unary
FN:217,matchesOp
FN:221,isKeyword
FN:226,isTrueFalseKey
FN:231,isDelim
FN:234,getOpEnum
FN:240,getKeyType
FN:266,getNextOp
FN:282,getNextNum
FN:293,getNextWord
FN:310,getCharacterValue
FN:322,catchEscapeChar
FN:339,getNextString
FN:387,initKeywordValue
FN:397,initNameValue
FN:409,initOpValue
FN:414,initDelimValue
FN:430,initNumValue
FN:436,nextValue
FN:460,acceptValue
FN:475,stealNextString
FN:487,stealNextName
FN:499,stealNextOp
FNDA:169,getNextOp
FNDA:3701,peek
FNDA:291,initNameValue
FNDA:5,stealNextString
FNDA:133,stealNextOp
FNDA:291,getNextWord
FNDA:53,initKeywordValue
FNDA:5,catchEscapeChar
FNDA:92,getKeyStr
FNDA:113,readInFile
FNDA:291,isKeyword
FNDA:435,isDelim
FNDA:131,is_suffix_unary
FNDA:604,matchesOp
FNDA:307,read_next_line
FNDA:7,getNextString
FNDA:96,getNextNum
FNDA:122,is_prefix_unary
FNDA:113,killReader
FNDA:5,getCharacterValue
FNDA:236,stealNextName
FNDA:1947,advance
FNDA:555,getOpEnum
FNDA:169,initOpValue
FNDA:242,getPrio
FNDA:384,isAssignOp
FNDA:103,getOpStr
FNDA:1002,skip_spaces
FNDA:96,initNumValue
FNDA:8,isBinaryOp
FNDA:338,initDelimValue
FNDA:53,isTrueFalseKey
FNDA:1002,nextValue
FNDA:414,acceptValue
FNDA:291,getKeyType
FNF:35
FNH:35
DA:39,307
DA:40,307
DA:41,0
DA:42,0
DA:45,307
DA:46,307
DA:48,307
DA:49,81
DA:50,81
DA:53,226
DA:54,226
DA:55,226
DA:56,226
DA:60,3701
DA:61,3701
DA:62,5
DA:63,3696
DA:64,3696
DA:65,0
DA:66,3696
DA:68,1947
DA:69,1947
DA:70,1947
DA:71,1
DA:72,1
DA:74,1946
DA:75,1946
DA:76,1724
DA:77,1724
DA:80,222
DA:81,194
DA:82,194
DA:86,28
DA:87,28
DA:88,28
DA:89,28
DA:91,28
DA:94,1002
DA:95,1770
DA:96,768
DA:97,1002
DA:100,113
DA:101,113
DA:102,0
DA:104,113
DA:105,113
DA:106,0
DA:108,113
DA:110,113
DA:111,0
DA:112,0
DA:115,113
DA:116,113
DA:117,113
DA:119,113
DA:120,113
DA:121,113
DA:122,113
DA:124,113
DA:125,0
DA:127,113
DA:129,113
DA:130,113
DA:131,113
DA:134,113
DA:135,113
DA:136,0
DA:138,113
DA:139,85
DA:140,85
DA:143,113
DA:144,113
DA:145,113
DA:148,113
DA:149,2
DA:151,113
DA:152,113
DA:154,113
DA:155,113
DA:156,113
DA:157,113
DA:160,103
DA:161,103
DA:162,103
DA:163,0
DA:166,92
DA:167,92
DA:168,92
DA:169,0
DA:172,242
DA:173,242
DA:174,0
DA:175,1739
DA:176,4053
DA:177,2556
DA:178,217
DA:179,25
DA:182,384
DA:183,3882
DA:184,3579
DA:185,81
DA:186,303
DA:189,8
DA:190,8
DA:193,131
DA:194,131
DA:195,23
DA:197,306
DA:198,208
DA:199,10
DA:201,98
DA:204,122
DA:205,122
DA:206,25
DA:208,555
DA:209,473
DA:210,15
DA:213,82
DA:217,604
DA:218,604
DA:221,291
DA:223,291
DA:226,53
DA:228,53
DA:231,435
DA:232,435
DA:234,555
DA:235,11223
DA:236,11056
DA:237,388
DA:238,167
DA:240,291
DA:241,291
DA:242,0
DA:243,2994
DA:244,2756
DA:245,53
DA:247,238
DA:266,169
DA:267,169
DA:268,169
DA:270,388
DA:271,388
DA:272,169
DA:273,169
DA:275,219
DA:276,219
DA:279,169
DA:282,96
DA:283,96
DA:284,203
DA:285,107
DA:287,96
DA:288,0
DA:290,96
DA:293,291
DA:294,291
DA:295,291
DA:296,291
DA:297,0
DA:299,291
DA:300,759
DA:301,468
DA:302,468
DA:305,291
DA:306,291
DA:307,291
DA:310,5
DA:311,5
DA:312,5
DA:313,1
DA:315,4
DA:316,0
DA:319,4
DA:322,5
DA:323,5
DA:324,1
DA:325,1
DA:326,1
DA:327,1
DA:328,0
DA:329,0
DA:330,1
DA:331,1
DA:332,1
DA:333,1
DA:334,1
DA:335,1
DA:339,7
DA:340,7
DA:341,7
DA:342,7
DA:343,7
DA:344,0
DA:346,33
DA:347,27
DA:348,5
DA:350,5
DA:351,5
DA:352,1
DA:353,1
DA:356,22
DA:358,26
DA:361,6
DA:362,1
DA:363,1
DA:365,5
DA:366,5
DA:367,5
DA:387,53
DA:388,53
DA:389,2
DA:390,2
DA:391,2
DA:393,51
DA:394,51
DA:397,291
DA:398,291
DA:399,291
DA:400,53
DA:401,53
DA:402,53
DA:405,238
DA:406,238
DA:409,169
DA:410,169
DA:411,169
DA:412,169
DA:414,338
DA:415,338
DA:416,5
DA:417,5
DA:418,5
DA:419,5
DA:420,7
DA:421,7
DA:422,5
DA:423,5
DA:426,326
DA:427,326
DA:430,96
DA:431,96
DA:432,96
DA:433,96
DA:436,1002
DA:437,1002
DA:439,1002
DA:440,107
DA:442,895
DA:444,895
DA:445,291
DA:446,604
DA:447,169
DA:448,435
DA:449,338
DA:450,97
DA:451,96
DA:453,1
DA:460,414
DA:461,414
DA:462,414
DA:463,0
DA:464,414
DA:465,1
DA:467,413
DA:468,0
DA:469,413
DA:470,0
DA:471,413
DA:472,411
DA:475,5
DA:476,5
DA:477,5
DA:478,0
DA:480,5
DA:481,5
DA:482,5
DA:483,5
DA:484,5
DA:487,236
DA:488,236
DA:489,236
DA:490,0
DA:492,236
DA:493,236
DA:494,236
DA:495,236
DA:496,236
DA:499,133
DA:500,133
DA:501,133
DA:502,0
DA:503,133
DA:504,133
DA:505,133
DA:506,133
LF:296
LH:271
end_of_record
TN:
SF:/home/hawk/brainfCompiler/src/semantics.c
FN:20,setup_env
FN:34,increase_env_len
FN:48,free_child_env
FN:59,free_env
FN:80,define_var
FN:92,get_var
FN:103,get_var_depth
FN:113,get_exp_name
FN:136,get_exp_name_depth
FN:142,get_exp_depth
FN:175,exp_is_unary
FN:195,is_array
FN:199,setting_two_arrays
FN:205,raise_error_if_invalid_depth
FN:210,raise_error_if_immutable
FN:216,op_must_be_assignable
FN:220,is_incrementable
FN:226,check_exp_semantics
FN:298,check_stmt_semantics
FN:359,check_file_semantics
FNDA:47,get_exp_name_depth
FNDA:4,exp_is_unary
FNDA:5,raise_error_if_immutable
FNDA:3,op_must_be_assignable
FNDA:27,raise_error_if_invalid_depth
FNDA:27,increase_env_len
FNDA:3,is_incrementable
FNDA:95,check_exp_semantics
FNDA:64,get_exp_name
FNDA:23,check_file_semantics
FNDA:75,is_array
FNDA:238,get_exp_depth
FNDA:4,setting_two_arrays
FNDA:160,get_var
FNDA:40,check_stmt_semantics
FNDA:20,setup_env
FNDA:4,free_child_env
FNDA:28,define_var
FNDA:51,get_var_depth
FNDA:16,free_env
FNF:20
FNH:20
DA:20,20
DA:21,20
DA:22,20
DA:23,20
DA:24,20
DA:25,20
DA:26,20
DA:27,20
DA:28,0
DA:29,0
DA:30,0
DA:32,20
DA:34,27
DA:35,27
DA:36,27
DA:38,0
DA:39,0
DA:40,0
DA:41,0
DA:42,0
DA:44,0
DA:48,4
DA:49,4
DA:50,0
DA:51,4
DA:52,4
DA:53,4
DA:54,4
DA:55,4
DA:59,16
DA:60,16
DA:61,0
DA:62,16
DA:63,0
DA:64,0
DA:66,16
DA:67,16
DA:68,16
DA:70,16
DA:71,16
DA:73,16
DA:74,16
DA:75,16
DA:76,16
DA:80,28
DA:81,28
DA:82,1
DA:84,27
DA:85,27
DA:86,27
DA:87,27
DA:88,27
DA:89,27
DA:92,160
DA:93,160
DA:94,31
DA:95,151
DA:96,97
DA:97,97
DA:98,75
DA:100,54
DA:103,51
DA:104,51
DA:105,0
DA:106,51
DA:107,51
DA:108,48
DA:109,3
DA:113,64
DA:114,64
DA:115,0
DA:117,64
DA:118,20
DA:119,20
DA:120,0
DA:122,0
DA:123,0
DA:124,0
DA:126,0
DA:127,0
DA:128,0
DA:129,44
DA:130,44
DA:131,0
DA:132,0
DA:136,47
DA:137,47
DA:138,11
DA:139,36
DA:142,238
DA:143,238
DA:144,0
DA:145,238
DA:146,7
DA:147,7
DA:148,7
DA:149,7
DA:150,38
DA:151,38
DA:152,132
DA:153,94
DA:154,94
DA:155,8
DA:157,38
DA:158,2
DA:159,2
DA:160,20
DA:162,20
DA:163,20
DA:164,20
DA:165,1
DA:167,19
DA:168,44
DA:169,44
DA:170,127
DA:171,127
DA:175,4
DA:176,4
DA:195,75
DA:196,75
DA:199,4
DA:200,4
DA:201,0
DA:202,4
DA:205,27
DA:206,27
DA:207,4
DA:208,23
DA:210,5
DA:211,5
DA:212,5
DA:213,1
DA:214,4
DA:216,3
DA:217,3
DA:220,3
DA:221,3
DA:222,3
DA:226,95
DA:227,95
DA:228,0
DA:230,95
DA:231,19
DA:232,19
DA:233,19
DA:234,1
DA:235,18
DA:237,5
DA:238,5
DA:239,5
DA:240,5
DA:241,4
DA:242,0
DA:243,0
DA:244,0
DA:245,0
DA:247,4
DA:248,0
DA:249,4
DA:250,0
DA:251,4
DA:252,4
DA:253,4
DA:254,4
DA:255,4
DA:256,1
DA:257,3
DA:258,0
DA:260,3
DA:261,2
DA:262,12
DA:263,12
DA:264,12
DA:265,12
DA:266,0
DA:268,12
DA:269,0
DA:270,12
DA:271,11
DA:272,11
DA:273,3
DA:274,3
DA:275,1
DA:276,2
DA:277,2
DA:278,2
DA:279,7
DA:280,30
DA:281,23
DA:282,7
DA:283,0
DA:284,0
DA:285,0
DA:286,0
DA:287,0
DA:289,0
DA:290,45
DA:291,45
DA:292,0
DA:293,0
DA:294,0
DA:298,40
DA:299,40
DA:300,0
DA:302,40
DA:303,29
DA:304,29
DA:305,29
DA:306,29
DA:308,29
DA:309,29
DA:311,29
DA:312,1
DA:314,28
DA:315,1
DA:317,27
DA:320,23
DA:321,21
DA:322,8
DA:323,8
DA:324,6
DA:325,2
DA:326,2
DA:327,0
DA:328,2
DA:331,2
DA:332,2
DA:333,2
DA:335,2
DA:337,1
DA:338,1
DA:339,1
DA:341,2
DA:342,1
DA:343,1
DA:344,0
DA:345,1
DA:347,1
DA:348,1
DA:349,1
DA:350,1
DA:351,0
DA:352,0
DA:353,0
DA:355,30
DA:356,20
DA:359,23
DA:360,23
DA:363,16
DA:364,16
DA:365,16
DA:366,16
DA:367,6
DA:368,6
LF:254
LH:203
end_of_record
TN:
SF:/home/hawk/brainfCompiler/src/stmt.c
FN:20,free_stmt
FN:72,print_stmt
FN:116,init_stmt
FN:127,init_varStmt
FN:138,init_ifStmt
FN:148,init_loopStmt
FN:158,init_expStmt
FN:166,stmts_match
FNDA:4,init_ifStmt
FNDA:37,init_varStmt
FNDA:0,stmts_match
FNDA:3,init_loopStmt
FNDA:149,init_stmt
FNDA:1,init_expStmt
FNDA:372,free_stmt
FNDA:190,print_stmt
FNF:8
FNH:7
DA:20,372
DA:21,372
DA:22,223
DA:23,149
DA:24,1
DA:25,1
DA:26,37
DA:27,37
DA:28,0
DA:29,37
DA:30,37
DA:31,37
DA:32,37
DA:33,37
DA:34,37
DA:35,37
DA:36,3
DA:37,3
DA:38,0
DA:39,3
DA:40,3
DA:41,3
DA:42,3
DA:43,3
DA:44,3
DA:45,3
DA:46,4
DA:47,4
DA:48,0
DA:49,4
DA:50,4
DA:51,4
DA:52,4
DA:53,4
DA:54,4
DA:55,4
DA:56,4
DA:57,4
DA:58,104
DA:59,104
DA:60,104
DA:61,104
DA:64,149
DA:65,142
DA:66,142
DA:68,149
DA:72,190
DA:73,190
DA:74,94
DA:75,96
DA:76,0
DA:77,0
DA:78,0
DA:79,4
DA:80,4
DA:81,4
DA:82,4
DA:83,4
DA:84,4
DA:85,4
DA:86,4
DA:88,2
DA:89,2
DA:90,2
DA:91,2
DA:92,2
DA:93,2
DA:94,2
DA:95,1
DA:96,1
DA:97,1
DA:98,1
DA:99,1
DA:100,1
DA:101,1
DA:102,1
DA:103,1
DA:104,89
DA:105,89
DA:106,89
DA:107,89
DA:108,89
DA:111,96
DA:112,96
DA:116,149
DA:117,149
DA:118,149
DA:119,0
DA:121,149
DA:122,149
DA:123,149
DA:124,149
DA:127,37
DA:128,37
DA:129,37
DA:130,37
DA:131,37
DA:133,37
DA:134,0
DA:135,37
DA:136,37
DA:138,4
DA:139,4
DA:140,4
DA:141,4
DA:142,4
DA:144,4
DA:145,0
DA:146,4
DA:148,3
DA:149,3
DA:150,3
DA:151,3
DA:152,3
DA:154,3
DA:155,0
DA:156,3
DA:158,1
DA:159,1
DA:160,1
DA:161,1
DA:162,1
DA:163,1
DA:166,0
DA:167,0
DA:168,0
DA:169,0
DA:170,0
DA:171,0
DA:172,0
DA:174,0
DA:175,0
DA:176,0
DA:177,0
DA:178,0
DA:179,0
DA:180,0
DA:181,0
DA:182,0
DA:183,0
DA:184,0
DA:185,0
DA:186,0
DA:187,0
DA:188,0
DA:189,0
DA:190,0
DA:191,0
DA:192,0
DA:193,0
DA:194,0
DA:197,0
LF:152
LH:113
end_of_record
TN:
SF:/home/hawk/brainfCompiler/src/utils.c
FN:49,default_error_exit
FN:57,get_error_message
FN:64,set_strlen
FN:73,reset_strlen_if_needed
FN:81,_raise_error
FN:89,_raise_syntax_error
FN:142,get_line_at_pos
FN:184,_raise_semantic_error
FN:218,_raise_exp_semantic_error
FN:222,_raise_stmt_semantic_error
FNDA:0,_raise_error
FNDA:10,_raise_semantic_error
FNDA:296,set_strlen
FNDA:17,default_error_exit
FNDA:7,_raise_syntax_error
FNDA:2,_raise_stmt_semantic_error
FNDA:8,_raise_exp_semantic_error
FNDA:7,get_error_message
FNDA:10,get_line_at_pos
FNDA:494,reset_strlen_if_needed
FNF:10
FNH:9
DA:49,17
DA:51,17
DA:57,7
DA:58,7
DA:59,7
DA:61,0
DA:64,296
DA:65,296
DA:66,296
DA:67,0
DA:68,0
DA:70,296
DA:71,296
DA:73,494
DA:74,494
DA:75,0
DA:76,0
DA:78,494
DA:81,0
DA:84,0
DA:85,0
DA:86,0
DA:89,7
DA:90,7
DA:91,7
DA:92,7
DA:93,7
DA:95,7
DA:96,4
DA:97,4
DA:101,7
DA:103,7
DA:106,7
DA:107,4
DA:110,4
DA:113,60
DA:114,56
DA:116,4
DA:119,4
DA:120,36
DA:121,32
DA:125,4
DA:126,16
DA:127,12
DA:129,4
DA:132,7
DA:133,7
DA:135,0
DA:137,7
DA:138,0
DA:142,10
DA:143,10
DA:144,10
DA:145,0
DA:148,10
DA:149,10
DA:150,0
DA:151,0
DA:154,29
DA:155,19
DA:156,0
DA:157,0
DA:158,0
DA:161,10
DA:162,0
DA:163,0
DA:166,10
DA:167,10
DA:170,10
DA:172,10
DA:174,10
DA:175,0
DA:176,10
DA:177,10
DA:178,10
DA:179,10
DA:180,10
DA:184,10
DA:185,10
DA:186,10
DA:188,10
DA:189,10
DA:190,10
DA:191,10
DA:195,199
DA:196,189
DA:197,10
DA:200,10
DA:201,94
DA:202,84
DA:204,10
DA:206,10
DA:209,10
DA:211,0
DA:214,10
DA:215,10
DA:216,0
DA:218,8
DA:219,8
DA:220,0
DA:222,2
DA:223,2
DA:224,0
LF:103
LH:79
end_of_record
